{"level":"error","message":"operationName is not defined","service":"calculator-microservice"}
{"level":"info","message":"New undefined operation requested: 10 undefined 5","service":"calculator_microservice"}
{"level":"info","message":"Handling request","query":{"num1":"10","num2":"5"},"route":"/add","service":"calculator_microservice"}
{"level":"error","message":"num1 is not defined","service":"calculator_microservice"}
{"level":"info","message":"New add operation requested: 10 add 5","service":"calculator_microservice"}
{"level":"info","message":"Handling request","query":{"num1":"10","num2":"5"},"route":"/add","service":"calculator_microservice"}
{"level":"error","message":"num1 is not defined","service":"calculator_microservice"}
{"level":"info","message":"New add operation requested: 10 add 5","service":"calculator_microservice"}
{"level":"info","message":"Handling request","query":{"num1":"10","num2":"5"},"route":"/add","service":"calculator_microservice"}
{"level":"error","message":"num1 is not defined","service":"calculator_microservice"}
{"level":"info","message":"New add operation requested: 10 add 5","service":"calculator_microservice"}
{"level":"info","message":"Handling request","query":{"num1":"10","num2":"5"},"route":"/add","service":"calculator_microservice"}
{"level":"error","message":"num1 is not defined","service":"calculator_microservice"}
{"level":"info","message":"New add operation requested: 10 add 5","service":"calculator_microservice"}
{"level":"info","message":"Handling request","query":{"num1":"10","num2":"5"},"route":"/add","service":"calculator_microservice"}
{"level":"error","message":"num1 is not defined","service":"calculator_microservice"}
{"level":"info","message":"New add operation requested: 10 add 5","service":"calculator_microservice"}
{"level":"info","message":"Handling request","query":{"num1":"10","num2":"5"},"route":"/add","service":"calculator_microservice"}
{"level":"info","message":"Operation successful: 10 add 5 = 15","service":"calculator_microservice"}
{"level":"info","message":"New subtract operation requested: 100 subtract 5","service":"calculator_microservice"}
{"level":"info","message":"Handling request","query":{"num1":"100","num2":"5"},"route":"/subtract","service":"calculator_microservice"}
{"level":"info","message":"Operation successful: 100 subtract 5 = 95","service":"calculator_microservice"}
{"headers":{"accept":"text/html,application/xhtml+xml,application/xml;q=0.9,image/avif,image/webp,image/apng,*/*;q=0.8,application/signed-exchange;v=b3;q=0.7","accept-encoding":"gzip, deflate, br, zstd","accept-language":"en-US,en;q=0.9","connection":"keep-alive","cookie":"username-localhost-8888=\"2|1:0|10:1711981909|23:username-localhost-8888|44:Y2EzY2ZhNGVmMWJmNDIwNWEyMWZhZmRiMzYzNjUxNzU=|d8f91bef1600acdff3975c7aeae08e4decee7778482789098de574da40e938b0\"; _xsrf=2|be4d1621|59c7b53341349b643536bb620a824000|1711981909","host":"localhost:3000","sec-ch-ua":"\"Google Chrome\";v=\"123\", \"Not:A-Brand\";v=\"8\", \"Chromium\";v=\"123\"","sec-ch-ua-mobile":"?0","sec-ch-ua-platform":"\"Windows\"","sec-fetch-dest":"document","sec-fetch-mode":"navigate","sec-fetch-site":"none","sec-fetch-user":"?1","upgrade-insecure-requests":"1","user-agent":"Mozilla/5.0 (Windows NT 10.0; Win64; x64) AppleWebKit/537.36 (KHTML, like Gecko) Chrome/123.0.0.0 Safari/537.36"},"ip":"::1","level":"info","message":"Incoming request GET /subtract?num1=120&num2=12","method":"GET","service":"calculator_microservice","url":"/subtract?num1=120&num2=12"}
{"level":"info","message":"New subtract operation requested: 120 subtract 12","service":"calculator_microservice"}
{"level":"info","message":"Handling request","query":{"num1":"120","num2":"12"},"route":"/subtract","service":"calculator_microservice"}
{"level":"info","message":"Operation successful: 120 subtract 12 = 108","service":"calculator_microservice"}
{"level":"info","message":"Response for GET /subtract?num1=120&num2=12","responseBody":"{\"statuscode\":200,\"data\":108}","responseStatus":200,"service":"calculator_microservice"}
{"headers":{"accept":"text/html,application/xhtml+xml,application/xml;q=0.9,image/avif,image/webp,image/apng,*/*;q=0.8,application/signed-exchange;v=b3;q=0.7","accept-encoding":"gzip, deflate, br, zstd","accept-language":"en-US,en;q=0.9","connection":"keep-alive","cookie":"username-localhost-8888=\"2|1:0|10:1711981909|23:username-localhost-8888|44:Y2EzY2ZhNGVmMWJmNDIwNWEyMWZhZmRiMzYzNjUxNzU=|d8f91bef1600acdff3975c7aeae08e4decee7778482789098de574da40e938b0\"; _xsrf=2|be4d1621|59c7b53341349b643536bb620a824000|1711981909","host":"localhost:3000","sec-ch-ua":"\"Google Chrome\";v=\"123\", \"Not:A-Brand\";v=\"8\", \"Chromium\";v=\"123\"","sec-ch-ua-mobile":"?0","sec-ch-ua-platform":"\"Windows\"","sec-fetch-dest":"document","sec-fetch-mode":"navigate","sec-fetch-site":"none","sec-fetch-user":"?1","upgrade-insecure-requests":"1","user-agent":"Mozilla/5.0 (Windows NT 10.0; Win64; x64) AppleWebKit/537.36 (KHTML, like Gecko) Chrome/123.0.0.0 Safari/537.36"},"ip":"::1","level":"info","message":"Incoming request GET /squareRoot?number=5","method":"GET","service":"calculator_microservice","url":"/squareRoot?number=5"}
{"level":"info","message":"New squareRoot operation requested: squareRoot of 5","service":"calculator_microservice"}
{"level":"info","message":"Handling request","query":{"number":"5"},"route":"/squareRoot","service":"calculator_microservice"}
{"level":"info","message":"Operation successful: squareRoot of 5 = 2.23606797749979","service":"calculator_microservice"}
{"level":"info","message":"Response for GET /squareRoot?number=5","responseBody":"{\"statuscode\":200,\"data\":2.23606797749979}","responseStatus":200,"service":"calculator_microservice"}
{"headers":{"accept":"text/html,application/xhtml+xml,application/xml;q=0.9,image/avif,image/webp,image/apng,*/*;q=0.8,application/signed-exchange;v=b3;q=0.7","accept-encoding":"gzip, deflate, br, zstd","accept-language":"en-US,en;q=0.9","connection":"keep-alive","cookie":"username-localhost-8888=\"2|1:0|10:1711981909|23:username-localhost-8888|44:Y2EzY2ZhNGVmMWJmNDIwNWEyMWZhZmRiMzYzNjUxNzU=|d8f91bef1600acdff3975c7aeae08e4decee7778482789098de574da40e938b0\"; _xsrf=2|be4d1621|59c7b53341349b643536bb620a824000|1711981909","host":"localhost:3000","sec-ch-ua":"\"Google Chrome\";v=\"123\", \"Not:A-Brand\";v=\"8\", \"Chromium\";v=\"123\"","sec-ch-ua-mobile":"?0","sec-ch-ua-platform":"\"Windows\"","sec-fetch-dest":"document","sec-fetch-mode":"navigate","sec-fetch-site":"none","sec-fetch-user":"?1","upgrade-insecure-requests":"1","user-agent":"Mozilla/5.0 (Windows NT 10.0; Win64; x64) AppleWebKit/537.36 (KHTML, like Gecko) Chrome/123.0.0.0 Safari/537.36"},"ip":"::1","level":"info","message":"Incoming request GET /squareRoot?number=25","method":"GET","service":"calculator_microservice","url":"/squareRoot?number=25"}
{"level":"info","message":"New squareRoot operation requested: squareRoot of 25","service":"calculator_microservice"}
{"level":"info","message":"Handling request","query":{"number":"25"},"route":"/squareRoot","service":"calculator_microservice"}
{"level":"info","message":"Operation successful: squareRoot of 25 = 5","service":"calculator_microservice"}
{"level":"info","message":"Response for GET /squareRoot?number=25","responseBody":"{\"statuscode\":200,\"data\":5}","responseStatus":200,"service":"calculator_microservice"}
{"headers":{"accept":"text/html,application/xhtml+xml,application/xml;q=0.9,image/avif,image/webp,image/apng,*/*;q=0.8,application/signed-exchange;v=b3;q=0.7","accept-encoding":"gzip, deflate, br, zstd","accept-language":"en-US,en;q=0.9","connection":"keep-alive","cookie":"username-localhost-8888=\"2|1:0|10:1711981909|23:username-localhost-8888|44:Y2EzY2ZhNGVmMWJmNDIwNWEyMWZhZmRiMzYzNjUxNzU=|d8f91bef1600acdff3975c7aeae08e4decee7778482789098de574da40e938b0\"; _xsrf=2|be4d1621|59c7b53341349b643536bb620a824000|1711981909","host":"localhost:3000","sec-ch-ua":"\"Google Chrome\";v=\"123\", \"Not:A-Brand\";v=\"8\", \"Chromium\";v=\"123\"","sec-ch-ua-mobile":"?0","sec-ch-ua-platform":"\"Windows\"","sec-fetch-dest":"document","sec-fetch-mode":"navigate","sec-fetch-site":"none","sec-fetch-user":"?1","upgrade-insecure-requests":"1","user-agent":"Mozilla/5.0 (Windows NT 10.0; Win64; x64) AppleWebKit/537.36 (KHTML, like Gecko) Chrome/123.0.0.0 Safari/537.36"},"ip":"::1","level":"info","message":"Incoming request GET /exponentiate?base=2&exponent=3","method":"GET","service":"calculator_microservice","url":"/exponentiate?base=2&exponent=3"}
{"level":"info","message":"New exponentiate operation requested: undefined exponentiate undefined","service":"calculator_microservice"}
{"level":"info","message":"Handling request","query":{"base":"2","exponent":"3"},"route":"/exponentiate","service":"calculator_microservice"}
{"level":"error","message":"One or both numbers are incorrectly defined","service":"calculator_microservice"}
{"level":"info","message":"Response for GET /exponentiate?base=2&exponent=3","responseBody":"{\"statuscode\":500,\"msg\":\"Error: One or both numbers are incorrectly defined\"}","responseStatus":500,"service":"calculator_microservice"}
{"headers":{"accept":"text/html,application/xhtml+xml,application/xml;q=0.9,image/avif,image/webp,image/apng,*/*;q=0.8,application/signed-exchange;v=b3;q=0.7","accept-encoding":"gzip, deflate, br, zstd","accept-language":"en-US,en;q=0.9","cache-control":"max-age=0","connection":"keep-alive","cookie":"username-localhost-8888=\"2|1:0|10:1711981909|23:username-localhost-8888|44:Y2EzY2ZhNGVmMWJmNDIwNWEyMWZhZmRiMzYzNjUxNzU=|d8f91bef1600acdff3975c7aeae08e4decee7778482789098de574da40e938b0\"; _xsrf=2|be4d1621|59c7b53341349b643536bb620a824000|1711981909","host":"localhost:3000","sec-ch-ua":"\"Google Chrome\";v=\"123\", \"Not:A-Brand\";v=\"8\", \"Chromium\";v=\"123\"","sec-ch-ua-mobile":"?0","sec-ch-ua-platform":"\"Windows\"","sec-fetch-dest":"document","sec-fetch-mode":"navigate","sec-fetch-site":"none","sec-fetch-user":"?1","upgrade-insecure-requests":"1","user-agent":"Mozilla/5.0 (Windows NT 10.0; Win64; x64) AppleWebKit/537.36 (KHTML, like Gecko) Chrome/123.0.0.0 Safari/537.36"},"ip":"::1","level":"info","message":"Incoming request GET /exponentiate?base=2&exponent=3","method":"GET","service":"calculator_microservice","url":"/exponentiate?base=2&exponent=3"}
{"level":"info","message":"New exponentiate operation requested: undefined exponentiate undefined","service":"calculator_microservice"}
{"level":"info","message":"Handling request","query":{"base":"2","exponent":"3"},"route":"/exponentiate","service":"calculator_microservice"}
{"level":"error","message":"One or both numbers are incorrectly defined","service":"calculator_microservice"}
{"level":"info","message":"Response for GET /exponentiate?base=2&exponent=3","responseBody":"{\"statuscode\":500,\"msg\":\"Error: One or both numbers are incorrectly defined\"}","responseStatus":500,"service":"calculator_microservice"}
{"headers":{"accept":"text/html,application/xhtml+xml,application/xml;q=0.9,image/avif,image/webp,image/apng,*/*;q=0.8,application/signed-exchange;v=b3;q=0.7","accept-encoding":"gzip, deflate, br, zstd","accept-language":"en-US,en;q=0.9","cache-control":"max-age=0","connection":"keep-alive","cookie":"username-localhost-8888=\"2|1:0|10:1711981909|23:username-localhost-8888|44:Y2EzY2ZhNGVmMWJmNDIwNWEyMWZhZmRiMzYzNjUxNzU=|d8f91bef1600acdff3975c7aeae08e4decee7778482789098de574da40e938b0\"; _xsrf=2|be4d1621|59c7b53341349b643536bb620a824000|1711981909","host":"localhost:3000","sec-ch-ua":"\"Google Chrome\";v=\"123\", \"Not:A-Brand\";v=\"8\", \"Chromium\";v=\"123\"","sec-ch-ua-mobile":"?0","sec-ch-ua-platform":"\"Windows\"","sec-fetch-dest":"document","sec-fetch-mode":"navigate","sec-fetch-site":"none","sec-fetch-user":"?1","upgrade-insecure-requests":"1","user-agent":"Mozilla/5.0 (Windows NT 10.0; Win64; x64) AppleWebKit/537.36 (KHTML, like Gecko) Chrome/123.0.0.0 Safari/537.36"},"ip":"::1","level":"info","message":"Incoming request GET /exponentiate?base=2&exponent=3","method":"GET","service":"calculator_microservice","url":"/exponentiate?base=2&exponent=3"}
{"level":"info","message":"New exponentiate operation requested: undefined exponentiate undefined","service":"calculator_microservice"}
{"level":"info","message":"Handling request","query":{"base":"2","exponent":"3"},"route":"/exponentiate","service":"calculator_microservice"}
{"level":"error","message":"One or both numbers are incorrectly defined","service":"calculator_microservice"}
{"level":"info","message":"Response for GET /exponentiate?base=2&exponent=3","responseBody":"{\"statuscode\":500,\"msg\":\"Error: One or both numbers are incorrectly defined\"}","responseStatus":500,"service":"calculator_microservice"}
{"headers":{"accept":"text/html,application/xhtml+xml,application/xml;q=0.9,image/avif,image/webp,image/apng,*/*;q=0.8,application/signed-exchange;v=b3;q=0.7","accept-encoding":"gzip, deflate, br, zstd","accept-language":"en-US,en;q=0.9","connection":"keep-alive","cookie":"username-localhost-8888=\"2|1:0|10:1711981909|23:username-localhost-8888|44:Y2EzY2ZhNGVmMWJmNDIwNWEyMWZhZmRiMzYzNjUxNzU=|d8f91bef1600acdff3975c7aeae08e4decee7778482789098de574da40e938b0\"; _xsrf=2|be4d1621|59c7b53341349b643536bb620a824000|1711981909","host":"localhost:3000","sec-ch-ua":"\"Google Chrome\";v=\"123\", \"Not:A-Brand\";v=\"8\", \"Chromium\";v=\"123\"","sec-ch-ua-mobile":"?0","sec-ch-ua-platform":"\"Windows\"","sec-fetch-dest":"document","sec-fetch-mode":"navigate","sec-fetch-site":"none","sec-fetch-user":"?1","upgrade-insecure-requests":"1","user-agent":"Mozilla/5.0 (Windows NT 10.0; Win64; x64) AppleWebKit/537.36 (KHTML, like Gecko) Chrome/123.0.0.0 Safari/537.36"},"ip":"::1","level":"info","message":"Incoming request GET /exponentiate?num1=2&num2=3","method":"GET","service":"calculator_microservice","url":"/exponentiate?num1=2&num2=3"}
{"level":"info","message":"New exponentiate operation requested: 2 exponentiate 3","service":"calculator_microservice"}
{"level":"info","message":"Handling request","query":{"num1":"2","num2":"3"},"route":"/exponentiate","service":"calculator_microservice"}
{"level":"info","message":"Operation successful: 2 exponentiate 3 = 8","service":"calculator_microservice"}
{"level":"info","message":"Response for GET /exponentiate?num1=2&num2=3","responseBody":"{\"statuscode\":200,\"data\":8}","responseStatus":200,"service":"calculator_microservice"}
{"headers":{"accept":"text/html,application/xhtml+xml,application/xml;q=0.9,image/avif,image/webp,image/apng,*/*;q=0.8,application/signed-exchange;v=b3;q=0.7","accept-encoding":"gzip, deflate, br, zstd","accept-language":"en-US,en;q=0.9","cache-control":"max-age=0","connection":"keep-alive","cookie":"username-localhost-8888=\"2|1:0|10:1711981909|23:username-localhost-8888|44:Y2EzY2ZhNGVmMWJmNDIwNWEyMWZhZmRiMzYzNjUxNzU=|d8f91bef1600acdff3975c7aeae08e4decee7778482789098de574da40e938b0\"; _xsrf=2|be4d1621|59c7b53341349b643536bb620a824000|1711981909","host":"localhost:3000","if-none-match":"W/\"1b-liorRzk8PuNtJ0QwQLwQhE4l2Y4\"","sec-ch-ua":"\"Google Chrome\";v=\"123\", \"Not:A-Brand\";v=\"8\", \"Chromium\";v=\"123\"","sec-ch-ua-mobile":"?0","sec-ch-ua-platform":"\"Windows\"","sec-fetch-dest":"document","sec-fetch-mode":"navigate","sec-fetch-site":"none","sec-fetch-user":"?1","upgrade-insecure-requests":"1","user-agent":"Mozilla/5.0 (Windows NT 10.0; Win64; x64) AppleWebKit/537.36 (KHTML, like Gecko) Chrome/123.0.0.0 Safari/537.36"},"ip":"::1","level":"info","message":"Incoming request GET /exponentiate?num1=2&num2=3","method":"GET","service":"calculator_microservice","url":"/exponentiate?num1=2&num2=3"}
{"level":"info","message":"New exponentiate operation requested: 2 exponentiate 3","service":"calculator_microservice"}
{"level":"info","message":"Handling request","query":{"num1":"2","num2":"3"},"route":"/exponentiate","service":"calculator_microservice"}
{"level":"info","message":"Operation successful: 2 exponentiate 3 = 8","service":"calculator_microservice"}
{"level":"info","message":"Response for GET /exponentiate?num1=2&num2=3","responseBody":"","responseStatus":304,"service":"calculator_microservice"}
{"headers":{"accept":"text/html,application/xhtml+xml,application/xml;q=0.9,image/avif,image/webp,image/apng,*/*;q=0.8,application/signed-exchange;v=b3;q=0.7","accept-encoding":"gzip, deflate, br, zstd","accept-language":"en-US,en;q=0.9","connection":"keep-alive","cookie":"username-localhost-8888=\"2|1:0|10:1711981909|23:username-localhost-8888|44:Y2EzY2ZhNGVmMWJmNDIwNWEyMWZhZmRiMzYzNjUxNzU=|d8f91bef1600acdff3975c7aeae08e4decee7778482789098de574da40e938b0\"; _xsrf=2|be4d1621|59c7b53341349b643536bb620a824000|1711981909","host":"localhost:3000","sec-ch-ua":"\"Google Chrome\";v=\"123\", \"Not:A-Brand\";v=\"8\", \"Chromium\";v=\"123\"","sec-ch-ua-mobile":"?0","sec-ch-ua-platform":"\"Windows\"","sec-fetch-dest":"document","sec-fetch-mode":"navigate","sec-fetch-site":"none","sec-fetch-user":"?1","upgrade-insecure-requests":"1","user-agent":"Mozilla/5.0 (Windows NT 10.0; Win64; x64) AppleWebKit/537.36 (KHTML, like Gecko) Chrome/123.0.0.0 Safari/537.36"},"ip":"::1","level":"info","message":"Incoming request GET /exponentiate?num1=2&num2=4","method":"GET","service":"calculator_microservice","url":"/exponentiate?num1=2&num2=4"}
{"level":"info","message":"New exponentiate operation requested: 2 exponentiate 4","service":"calculator_microservice"}
{"level":"info","message":"Handling request","query":{"num1":"2","num2":"4"},"route":"/exponentiate","service":"calculator_microservice"}
{"level":"info","message":"Operation successful: 2 exponentiate 4 = 16","service":"calculator_microservice"}
{"level":"info","message":"Response for GET /exponentiate?num1=2&num2=4","responseBody":"{\"statuscode\":200,\"data\":16}","responseStatus":200,"service":"calculator_microservice"}
{"headers":{"accept":"text/html,application/xhtml+xml,application/xml;q=0.9,image/avif,image/webp,image/apng,*/*;q=0.8,application/signed-exchange;v=b3;q=0.7","accept-encoding":"gzip, deflate, br, zstd","accept-language":"en-US,en;q=0.9","connection":"keep-alive","cookie":"username-localhost-8888=\"2|1:0|10:1711981909|23:username-localhost-8888|44:Y2EzY2ZhNGVmMWJmNDIwNWEyMWZhZmRiMzYzNjUxNzU=|d8f91bef1600acdff3975c7aeae08e4decee7778482789098de574da40e938b0\"; _xsrf=2|be4d1621|59c7b53341349b643536bb620a824000|1711981909","host":"localhost:3000","sec-ch-ua":"\"Google Chrome\";v=\"123\", \"Not:A-Brand\";v=\"8\", \"Chromium\";v=\"123\"","sec-ch-ua-mobile":"?0","sec-ch-ua-platform":"\"Windows\"","sec-fetch-dest":"document","sec-fetch-mode":"navigate","sec-fetch-site":"none","sec-fetch-user":"?1","upgrade-insecure-requests":"1","user-agent":"Mozilla/5.0 (Windows NT 10.0; Win64; x64) AppleWebKit/537.36 (KHTML, like Gecko) Chrome/123.0.0.0 Safari/537.36"},"ip":"::1","level":"info","message":"Incoming request GET /exponentiate?base=2&exponent=5","method":"GET","service":"calculator_microservice","url":"/exponentiate?base=2&exponent=5"}
{"level":"info","message":"New exponentiate operation requested: undefined exponentiate undefined","service":"calculator_microservice"}
{"level":"info","message":"Handling request","query":{"base":"2","exponent":"5"},"route":"/exponentiate","service":"calculator_microservice"}
{"level":"info","message":"Operation successful: 2 exponentiate 5 = 32","service":"calculator_microservice"}
{"level":"info","message":"Response for GET /exponentiate?base=2&exponent=5","responseBody":"{\"statuscode\":200,\"data\":32}","responseStatus":200,"service":"calculator_microservice"}
